# JRE version: Java(TM) SE Runtime Environment (8.0_181-b13) (build 1.8.0_181-b13)
# Java VM: Java HotSpot(TM) 64-Bit Server VM (25.181-b13 mixed mode linux-amd64 compressed oops)
Heap:
 PSYoungGen      total 258048K, used 8083K [0x00000000d7400000, 0x00000000e9180000, 0x0000000100000000)
  eden space 243712K, 0% used [0x00000000d7400000,0x00000000d7400000,0x00000000e6200000)
  from space 14336K, 56% used [0x00000000e8380000,0x00000000e8b64e60,0x00000000e9180000)
  to   space 10752K, 0% used [0x00000000e6200000,0x00000000e6200000,0x00000000e6c80000)
 ParOldGen       total 62464K, used 23303K [0x0000000085c00000, 0x0000000089900000, 0x00000000d7400000)
  object space 62464K, 37% used [0x0000000085c00000,0x00000000872c1d78,0x0000000089900000)
 Metaspace       used 34286K, capacity 35242K, committed 35416K, reserved 1081344K
  class space    used 4025K, capacity 4349K, committed 4352K, reserved 1048576K
GC Heap History (10 events):
Event: 6.284 GC heap after
Heap after GC invocations=6 (full 0):
 PSYoungGen      total 129024K, used 6112K [0x00000000d7400000, 0x00000000e0400000, 0x0000000100000000)
  eden space 122880K, 0% used [0x00000000d7400000,0x00000000d7400000,0x00000000dec00000)
  from space 6144K, 99% used [0x00000000df600000,0x00000000dfbf8050,0x00000000dfc00000)
  to   space 10240K, 0% used [0x00000000dec00000,0x00000000dec00000,0x00000000df600000)
 ParOldGen       total 84992K, used 7581K [0x0000000085c00000, 0x000000008af00000, 0x00000000d7400000)
  object space 84992K, 8% used [0x0000000085c00000,0x00000000863674f0,0x000000008af00000)
 Metaspace       used 18081K, capacity 18702K, committed 18944K, reserved 1064960K
  class space    used 2251K, capacity 2472K, committed 2560K, reserved 1048576K
}
Event: 6.723 GC heap before
{Heap before GC invocations=7 (full 0):
 PSYoungGen      total 129024K, used 33235K [0x00000000d7400000, 0x00000000e0400000, 0x0000000100000000)
  eden space 122880K, 22% used [0x00000000d7400000,0x00000000d8e7cc18,0x00000000dec00000)
  from space 6144K, 99% used [0x00000000df600000,0x00000000dfbf8050,0x00000000dfc00000)
  to   space 10240K, 0% used [0x00000000dec00000,0x00000000dec00000,0x00000000df600000)
 ParOldGen       total 84992K, used 7581K [0x0000000085c00000, 0x000000008af00000, 0x00000000d7400000)
  object space 84992K, 8% used [0x0000000085c00000,0x00000000863674f0,0x000000008af00000)
 Metaspace       used 20431K, capacity 21056K, committed 21248K, reserved 1067008K
  class space    used 2497K, capacity 2711K, committed 2816K, reserved 1048576K
Event: 6.745 GC heap after
Heap after GC invocations=7 (full 0):
 PSYoungGen      total 133120K, used 5497K [0x00000000d7400000, 0x00000000e7700000, 0x0000000100000000)
  eden space 122880K, 0% used [0x00000000d7400000,0x00000000d7400000,0x00000000dec00000)
  from space 10240K, 53% used [0x00000000dec00000,0x00000000df15e628,0x00000000df600000)
  to   space 9728K, 0% used [0x00000000e6d80000,0x00000000e6d80000,0x00000000e7700000)
 ParOldGen       total 84992K, used 10625K [0x0000000085c00000, 0x000000008af00000, 0x00000000d7400000)
  object space 84992K, 12% used [0x0000000085c00000,0x00000000866605b0,0x000000008af00000)
 Metaspace       used 20431K, capacity 21056K, committed 21248K, reserved 1067008K
  class space    used 2497K, capacity 2711K, committed 2816K, reserved 1048576K
}
Event: 6.745 GC heap before
{Heap before GC invocations=8 (full 1):
 PSYoungGen      total 133120K, used 5497K [0x00000000d7400000, 0x00000000e7700000, 0x0000000100000000)
  eden space 122880K, 0% used [0x00000000d7400000,0x00000000d7400000,0x00000000dec00000)
  from space 10240K, 53% used [0x00000000dec00000,0x00000000df15e628,0x00000000df600000)
  to   space 9728K, 0% used [0x00000000e6d80000,0x00000000e6d80000,0x00000000e7700000)
 ParOldGen       total 84992K, used 10625K [0x0000000085c00000, 0x000000008af00000, 0x00000000d7400000)
  object space 84992K, 12% used [0x0000000085c00000,0x00000000866605b0,0x000000008af00000)
 Metaspace       used 20431K, capacity 21056K, committed 21248K, reserved 1067008K
  class space    used 2497K, capacity 2711K, committed 2816K, reserved 1048576K
Event: 6.826 GC heap after
Heap after GC invocations=8 (full 1):
 PSYoungGen      total 133120K, used 0K [0x00000000d7400000, 0x00000000e7700000, 0x0000000100000000)
  eden space 122880K, 0% used [0x00000000d7400000,0x00000000d7400000,0x00000000dec00000)
  from space 10240K, 0% used [0x00000000dec00000,0x00000000dec00000,0x00000000df600000)
  to   space 9728K, 0% used [0x00000000e6d80000,0x00000000e6d80000,0x00000000e7700000)
 ParOldGen       total 62464K, used 14486K [0x0000000085c00000, 0x0000000089900000, 0x00000000d7400000)
  object space 62464K, 23% used [0x0000000085c00000,0x0000000086a25aa8,0x0000000089900000)
 Metaspace       used 20431K, capacity 21056K, committed 21248K, reserved 1067008K
  class space    used 2497K, capacity 2711K, committed 2816K, reserved 1048576K
}
Event: 10.765 GC heap before
{Heap before GC invocations=9 (full 1):
 PSYoungGen      total 133120K, used 122880K [0x00000000d7400000, 0x00000000e7700000, 0x0000000100000000)
  eden space 122880K, 100% used [0x00000000d7400000,0x00000000dec00000,0x00000000dec00000)
  from space 10240K, 0% used [0x00000000dec00000,0x00000000dec00000,0x00000000df600000)
  to   space 9728K, 0% used [0x00000000e6d80000,0x00000000e6d80000,0x00000000e7700000)
 ParOldGen       total 62464K, used 14486K [0x0000000085c00000, 0x0000000089900000, 0x00000000d7400000)
  object space 62464K, 23% used [0x0000000085c00000,0x0000000086a25aa8,0x0000000089900000)
 Metaspace       used 25835K, capacity 26676K, committed 27008K, reserved 1073152K
  class space    used 3085K, capacity 3351K, committed 3456K, reserved 1048576K
Event: 10.779 GC heap after
Heap after GC invocations=9 (full 1):
 PSYoungGen      total 206848K, used 9413K [0x00000000d7400000, 0x00000000e7700000, 0x0000000100000000)
  eden space 197120K, 0% used [0x00000000d7400000,0x00000000d7400000,0x00000000e3480000)
  from space 9728K, 96% used [0x00000000e6d80000,0x00000000e76b1440,0x00000000e7700000)
  to   space 10752K, 0% used [0x00000000e6200000,0x00000000e6200000,0x00000000e6c80000)
 ParOldGen       total 62464K, used 14494K [0x0000000085c00000, 0x0000000089900000, 0x00000000d7400000)
  object space 62464K, 23% used [0x0000000085c00000,0x0000000086a27aa8,0x0000000089900000)
 Metaspace       used 25835K, capacity 26676K, committed 27008K, reserved 1073152K
  class space    used 3085K, capacity 3351K, committed 3456K, reserved 1048576K
}
Event: 16.861 GC heap before
{Heap before GC invocations=10 (full 1):
 PSYoungGen      total 206848K, used 206533K [0x00000000d7400000, 0x00000000e7700000, 0x0000000100000000)
  eden space 197120K, 100% used [0x00000000d7400000,0x00000000e3480000,0x00000000e3480000)
  from space 9728K, 96% used [0x00000000e6d80000,0x00000000e76b1440,0x00000000e7700000)
  to   space 10752K, 0% used [0x00000000e6200000,0x00000000e6200000,0x00000000e6c80000)
 ParOldGen       total 62464K, used 14494K [0x0000000085c00000, 0x0000000089900000, 0x00000000d7400000)
  object space 62464K, 23% used [0x0000000085c00000,0x0000000086a27aa8,0x0000000089900000)
 Metaspace       used 32895K, capacity 33868K, committed 34176K, reserved 1079296K
  class space    used 3800K, capacity 4148K, committed 4224K, reserved 1048576K
Event: 16.906 GC heap after
Heap after GC invocations=10 (full 1):
 PSYoungGen      total 254464K, used 10748K [0x00000000d7400000, 0x00000000e9180000, 0x0000000100000000)
  eden space 243712K, 0% used [0x00000000d7400000,0x00000000d7400000,0x00000000e6200000)
  from space 10752K, 99% used [0x00000000e6200000,0x00000000e6c7f1e0,0x00000000e6c80000)
  to   space 14336K, 0% used [0x00000000e8380000,0x00000000e8380000,0x00000000e9180000)
 ParOldGen       total 62464K, used 19049K [0x0000000085c00000, 0x0000000089900000, 0x00000000d7400000)
  object space 62464K, 30% used [0x0000000085c00000,0x0000000086e9a408,0x0000000089900000)
 Metaspace       used 32895K, capacity 33868K, committed 34176K, reserved 1079296K
  class space    used 3800K, capacity 4148K, committed 4224K, reserved 1048576K
}
Event: 17.329 GC heap before
{Heap before GC invocations=11 (full 1):
 PSYoungGen      total 254464K, used 29337K [0x00000000d7400000, 0x00000000e9180000, 0x0000000100000000)
  eden space 243712K, 7% used [0x00000000d7400000,0x00000000d8627330,0x00000000e6200000)
  from space 10752K, 99% used [0x00000000e6200000,0x00000000e6c7f1e0,0x00000000e6c80000)
  to   space 14336K, 0% used [0x00000000e8380000,0x00000000e8380000,0x00000000e9180000)
 ParOldGen       total 62464K, used 19049K [0x0000000085c00000, 0x0000000089900000, 0x00000000d7400000)
  object space 62464K, 30% used [0x0000000085c00000,0x0000000086e9a408,0x0000000089900000)
 Metaspace       used 34286K, capacity 35242K, committed 35416K, reserved 1081344K
  class space    used 4025K, capacity 4349K, committed 4352K, reserved 1048576K

