# JRE version: Java(TM) SE Runtime Environment (8.0_181-b13) (build 1.8.0_181-b13)
# Java VM: Java HotSpot(TM) 64-Bit Server VM (25.181-b13 mixed mode linux-amd64 compressed oops)
Heap:
 PSYoungGen      total 108032K, used 11766K [0x00000000d7400000, 0x00000000dff80000, 0x0000000100000000)
  eden space 96256K, 0% used [0x00000000d7400000,0x00000000d7400000,0x00000000dd200000)
  from space 11776K, 99% used [0x00000000de880000,0x00000000df3fd858,0x00000000df400000)
  to   space 4096K, 0% used [0x00000000dfb80000,0x00000000dfb80000,0x00000000dff80000)
 ParOldGen       total 65536K, used 14590K [0x0000000085c00000, 0x0000000089c00000, 0x00000000d7400000)
  object space 65536K, 22% used [0x0000000085c00000,0x0000000086a3f9e8,0x0000000089c00000)
 Metaspace       used 29239K, capacity 30164K, committed 30464K, reserved 1075200K
  class space    used 3537K, capacity 3830K, committed 3840K, reserved 1048576K
GC Heap History (10 events):
Event: 3.795 GC heap after
Heap after GC invocations=3 (full 0):
 PSYoungGen      total 36864K, used 5108K [0x00000000d7400000, 0x00000000dbc00000, 0x0000000100000000)
  eden space 31744K, 0% used [0x00000000d7400000,0x00000000d7400000,0x00000000d9300000)
  from space 5120K, 99% used [0x00000000d9300000,0x00000000d97fd338,0x00000000d9800000)
  to   space 5120K, 0% used [0x00000000db700000,0x00000000db700000,0x00000000dbc00000)
 ParOldGen       total 84992K, used 2890K [0x0000000085c00000, 0x000000008af00000, 0x00000000d7400000)
  object space 84992K, 3% used [0x0000000085c00000,0x0000000085ed2b00,0x000000008af00000)
 Metaspace       used 13884K, capacity 14480K, committed 14720K, reserved 1062912K
  class space    used 1686K, capacity 1881K, committed 1920K, reserved 1048576K
}
Event: 4.270 GC heap before
{Heap before GC invocations=4 (full 0):
 PSYoungGen      total 36864K, used 36852K [0x00000000d7400000, 0x00000000dbc00000, 0x0000000100000000)
  eden space 31744K, 100% used [0x00000000d7400000,0x00000000d9300000,0x00000000d9300000)
  from space 5120K, 99% used [0x00000000d9300000,0x00000000d97fd338,0x00000000d9800000)
  to   space 5120K, 0% used [0x00000000db700000,0x00000000db700000,0x00000000dbc00000)
 ParOldGen       total 84992K, used 2890K [0x0000000085c00000, 0x000000008af00000, 0x00000000d7400000)
  object space 84992K, 3% used [0x0000000085c00000,0x0000000085ed2b00,0x000000008af00000)
 Metaspace       used 17534K, capacity 18204K, committed 18432K, reserved 1064960K
  class space    used 2174K, capacity 2437K, committed 2560K, reserved 1048576K
Event: 4.281 GC heap after
Heap after GC invocations=4 (full 0):
 PSYoungGen      total 68608K, used 5104K [0x00000000d7400000, 0x00000000dbc00000, 0x0000000100000000)
  eden space 63488K, 0% used [0x00000000d7400000,0x00000000d7400000,0x00000000db200000)
  from space 5120K, 99% used [0x00000000db700000,0x00000000dbbfc020,0x00000000dbc00000)
  to   space 5120K, 0% used [0x00000000db200000,0x00000000db200000,0x00000000db700000)
 ParOldGen       total 84992K, used 7764K [0x0000000085c00000, 0x000000008af00000, 0x00000000d7400000)
  object space 84992K, 9% used [0x0000000085c00000,0x00000000863952b0,0x000000008af00000)
 Metaspace       used 17534K, capacity 18204K, committed 18432K, reserved 1064960K
  class space    used 2174K, capacity 2437K, committed 2560K, reserved 1048576K
}
Event: 5.035 GC heap before
{Heap before GC invocations=5 (full 0):
 PSYoungGen      total 68608K, used 40731K [0x00000000d7400000, 0x00000000dbc00000, 0x0000000100000000)
  eden space 63488K, 56% used [0x00000000d7400000,0x00000000d96cae68,0x00000000db200000)
  from space 5120K, 99% used [0x00000000db700000,0x00000000dbbfc020,0x00000000dbc00000)
  to   space 5120K, 0% used [0x00000000db200000,0x00000000db200000,0x00000000db700000)
 ParOldGen       total 84992K, used 7764K [0x0000000085c00000, 0x000000008af00000, 0x00000000d7400000)
  object space 84992K, 9% used [0x0000000085c00000,0x00000000863952b0,0x000000008af00000)
 Metaspace       used 20399K, capacity 21078K, committed 21248K, reserved 1067008K
  class space    used 2485K, capacity 2740K, committed 2816K, reserved 1048576K
Event: 5.048 GC heap after
Heap after GC invocations=5 (full 0):
 PSYoungGen      total 68608K, used 5104K [0x00000000d7400000, 0x00000000e0700000, 0x0000000100000000)
  eden space 63488K, 0% used [0x00000000d7400000,0x00000000d7400000,0x00000000db200000)
  from space 5120K, 99% used [0x00000000db200000,0x00000000db6fc040,0x00000000db700000)
  to   space 11776K, 0% used [0x00000000dfb80000,0x00000000dfb80000,0x00000000e0700000)
 ParOldGen       total 84992K, used 11697K [0x0000000085c00000, 0x000000008af00000, 0x00000000d7400000)
  object space 84992K, 13% used [0x0000000085c00000,0x000000008676c4c0,0x000000008af00000)
 Metaspace       used 20399K, capacity 21078K, committed 21248K, reserved 1067008K
  class space    used 2485K, capacity 2740K, committed 2816K, reserved 1048576K
}
Event: 5.048 GC heap before
{Heap before GC invocations=6 (full 1):
 PSYoungGen      total 68608K, used 5104K [0x00000000d7400000, 0x00000000e0700000, 0x0000000100000000)
  eden space 63488K, 0% used [0x00000000d7400000,0x00000000d7400000,0x00000000db200000)
  from space 5120K, 99% used [0x00000000db200000,0x00000000db6fc040,0x00000000db700000)
  to   space 11776K, 0% used [0x00000000dfb80000,0x00000000dfb80000,0x00000000e0700000)
 ParOldGen       total 84992K, used 11697K [0x0000000085c00000, 0x000000008af00000, 0x00000000d7400000)
  object space 84992K, 13% used [0x0000000085c00000,0x000000008676c4c0,0x000000008af00000)
 Metaspace       used 20399K, capacity 21078K, committed 21248K, reserved 1067008K
  class space    used 2485K, capacity 2740K, committed 2816K, reserved 1048576K
Event: 5.111 GC heap after
Heap after GC invocations=6 (full 1):
 PSYoungGen      total 68608K, used 0K [0x00000000d7400000, 0x00000000e0700000, 0x0000000100000000)
  eden space 63488K, 0% used [0x00000000d7400000,0x00000000d7400000,0x00000000db200000)
  from space 5120K, 0% used [0x00000000db200000,0x00000000db200000,0x00000000db700000)
  to   space 11776K, 0% used [0x00000000dfb80000,0x00000000dfb80000,0x00000000e0700000)
 ParOldGen       total 65536K, used 12983K [0x0000000085c00000, 0x0000000089c00000, 0x00000000d7400000)
  object space 65536K, 19% used [0x0000000085c00000,0x00000000868addb0,0x0000000089c00000)
 Metaspace       used 20399K, capacity 21078K, committed 21248K, reserved 1067008K
  class space    used 2485K, capacity 2740K, committed 2816K, reserved 1048576K
}
Event: 6.569 GC heap before
{Heap before GC invocations=7 (full 1):
 PSYoungGen      total 68608K, used 63488K [0x00000000d7400000, 0x00000000e0700000, 0x0000000100000000)
  eden space 63488K, 100% used [0x00000000d7400000,0x00000000db200000,0x00000000db200000)
  from space 5120K, 0% used [0x00000000db200000,0x00000000db200000,0x00000000db700000)
  to   space 11776K, 0% used [0x00000000dfb80000,0x00000000dfb80000,0x00000000e0700000)
 ParOldGen       total 65536K, used 12983K [0x0000000085c00000, 0x0000000089c00000, 0x00000000d7400000)
  object space 65536K, 19% used [0x0000000085c00000,0x00000000868addb0,0x0000000089c00000)
 Metaspace       used 22372K, capacity 23120K, committed 23424K, reserved 1069056K
  class space    used 2657K, capacity 2887K, committed 2944K, reserved 1048576K
Event: 6.581 GC heap after
Heap after GC invocations=7 (full 1):
 PSYoungGen      total 100352K, used 4011K [0x00000000d7400000, 0x00000000dff80000, 0x0000000100000000)
  eden space 96256K, 0% used [0x00000000d7400000,0x00000000d7400000,0x00000000dd200000)
  from space 4096K, 97% used [0x00000000dfb80000,0x00000000dff6aff0,0x00000000dff80000)
  to   space 11776K, 0% used [0x00000000de880000,0x00000000de880000,0x00000000df400000)
 ParOldGen       total 65536K, used 12983K [0x0000000085c00000, 0x0000000089c00000, 0x00000000d7400000)
  object space 65536K, 19% used [0x0000000085c00000,0x00000000868addb0,0x0000000089c00000)
 Metaspace       used 22372K, capacity 23120K, committed 23424K, reserved 1069056K
  class space    used 2657K, capacity 2887K, committed 2944K, reserved 1048576K
}
Event: 9.828 GC heap before
{Heap before GC invocations=8 (full 1):
 PSYoungGen      total 100352K, used 100267K [0x00000000d7400000, 0x00000000dff80000, 0x0000000100000000)
  eden space 96256K, 100% used [0x00000000d7400000,0x00000000dd200000,0x00000000dd200000)
  from space 4096K, 97% used [0x00000000dfb80000,0x00000000dff6aff0,0x00000000dff80000)
  to   space 11776K, 0% used [0x00000000de880000,0x00000000de880000,0x00000000df400000)
 ParOldGen       total 65536K, used 12983K [0x0000000085c00000, 0x0000000089c00000, 0x00000000d7400000)
  object space 65536K, 19% used [0x0000000085c00000,0x00000000868addb0,0x0000000089c00000)
 Metaspace       used 29239K, capacity 30164K, committed 30464K, reserved 1075200K
  class space    used 3537K, capacity 3830K, committed 3840K, reserved 1048576K

